app/build/intermediates/manifest_merge_blame_file/debug/processDebugMainManifest/manifest-merger-blame-debug-report.txt
1<?xml version="1.0" encoding="utf-8"?>
2<manifest xmlns:android="http://schemas.android.com/apk/res/android"
3    package="com.studentmanagement"
4    android:versionCode="1"
5    android:versionName="1.0" >
6
7    <uses-sdk
8        android:minSdkVersion="24"
9        android:targetSdkVersion="34" />
10
11    <uses-permission
11-->src\main\AndroidManifest.xml:4:5-5:38
12        android:name="android.permission.WRITE_EXTERNAL_STORAGE"
12-->src\main\AndroidManifest.xml:4:22-78
13        android:maxSdkVersion="28" />
13-->src\main\AndroidManifest.xml:5:9-35
14    <uses-permission
14-->src\main\AndroidManifest.xml:6:5-7:38
15        android:name="android.permission.READ_EXTERNAL_STORAGE"
15-->src\main\AndroidManifest.xml:6:22-77
16        android:maxSdkVersion="32" />
16-->src\main\AndroidManifest.xml:7:9-35
17
18    <permission
18-->[androidx.core:core:1.12.0] AndroidManifest.xml:22:5-24:47
19        android:name="com.studentmanagement.DYNAMIC_RECEIVER_NOT_EXPORTED_PERMISSION"
19-->[androidx.core:core:1.12.0] AndroidManifest.xml:23:9-81
20        android:protectionLevel="signature" />
20-->[androidx.core:core:1.12.0] AndroidManifest.xml:24:9-44
21
22    <uses-permission android:name="com.studentmanagement.DYNAMIC_RECEIVER_NOT_EXPORTED_PERMISSION" />
22-->[androidx.core:core:1.12.0] AndroidManifest.xml:26:5-97
22-->[androidx.core:core:1.12.0] AndroidManifest.xml:26:22-94
23
24    <application
24-->src\main\AndroidManifest.xml:9:5-44:19
25        android:allowBackup="true"
25-->src\main\AndroidManifest.xml:10:9-35
26        android:appComponentFactory="androidx.core.app.CoreComponentFactory"
26-->[androidx.core:core:1.12.0] AndroidManifest.xml:28:18-86
27        android:debuggable="true"
28        android:extractNativeLibs="false"
29        android:icon="@mipmap/ic_launcher"
29-->src\main\AndroidManifest.xml:11:9-43
30        android:label="@string/app_name"
30-->src\main\AndroidManifest.xml:12:9-41
31        android:roundIcon="@mipmap/ic_launcher_round"
31-->src\main\AndroidManifest.xml:13:9-54
32        android:supportsRtl="true"
32-->src\main\AndroidManifest.xml:14:9-35
33        android:testOnly="true"
34        android:theme="@style/Theme.SmartStudentMS" >
34-->src\main\AndroidManifest.xml:15:9-52
35        <activity
35-->src\main\AndroidManifest.xml:17:9-25:20
36            android:name="com.studentmanagement.ui.MainActivity"
36-->src\main\AndroidManifest.xml:18:13-44
37            android:exported="true"
37-->src\main\AndroidManifest.xml:19:13-36
38            android:windowSoftInputMode="adjustResize" >
38-->src\main\AndroidManifest.xml:20:13-55
39            <intent-filter>
39-->src\main\AndroidManifest.xml:21:13-24:29
40                <action android:name="android.intent.action.MAIN" />
40-->src\main\AndroidManifest.xml:22:17-69
40-->src\main\AndroidManifest.xml:22:25-66
41
42                <category android:name="android.intent.category.LAUNCHER" />
42-->src\main\AndroidManifest.xml:23:17-77
42-->src\main\AndroidManifest.xml:23:27-74
43            </intent-filter>
44        </activity>
45        <activity
45-->src\main\AndroidManifest.xml:27:9-30:61
46            android:name="com.studentmanagement.ui.AddStudentActivity"
46-->src\main\AndroidManifest.xml:28:13-50
47            android:parentActivityName="com.studentmanagement.ui.MainActivity"
47-->src\main\AndroidManifest.xml:30:13-58
48            android:windowSoftInputMode="adjustResize" />
48-->src\main\AndroidManifest.xml:29:13-55
49        <activity
49-->src\main\AndroidManifest.xml:32:9-34:61
50            android:name="com.studentmanagement.ui.StudentListActivity"
50-->src\main\AndroidManifest.xml:33:13-51
51            android:parentActivityName="com.studentmanagement.ui.MainActivity" />
51-->src\main\AndroidManifest.xml:34:13-58
52        <activity
52-->src\main\AndroidManifest.xml:36:9-38:68
53            android:name="com.studentmanagement.ui.StudentDetailActivity"
53-->src\main\AndroidManifest.xml:37:13-53
54            android:parentActivityName="com.studentmanagement.ui.StudentListActivity" />
54-->src\main\AndroidManifest.xml:38:13-65
55        <activity
55-->src\main\AndroidManifest.xml:40:9-42:61
56            android:name="com.studentmanagement.ui.StatisticsActivity"
56-->src\main\AndroidManifest.xml:41:13-50
57            android:parentActivityName="com.studentmanagement.ui.MainActivity" />
57-->src\main\AndroidManifest.xml:42:13-58
58
59        <provider
59-->[androidx.emoji2:emoji2:1.2.0] AndroidManifest.xml:24:9-32:20
60            android:name="androidx.startup.InitializationProvider"
60-->[androidx.emoji2:emoji2:1.2.0] AndroidManifest.xml:25:13-67
61            android:authorities="com.studentmanagement.androidx-startup"
61-->[androidx.emoji2:emoji2:1.2.0] AndroidManifest.xml:26:13-68
62            android:exported="false" >
62-->[androidx.emoji2:emoji2:1.2.0] AndroidManifest.xml:27:13-37
63            <meta-data
63-->[androidx.emoji2:emoji2:1.2.0] AndroidManifest.xml:29:13-31:52
64                android:name="androidx.emoji2.text.EmojiCompatInitializer"
64-->[androidx.emoji2:emoji2:1.2.0] AndroidManifest.xml:30:17-75
65                android:value="androidx.startup" />
65-->[androidx.emoji2:emoji2:1.2.0] AndroidManifest.xml:31:17-49
66            <meta-data
66-->[androidx.lifecycle:lifecycle-process:2.7.0] AndroidManifest.xml:29:13-31:52
67                android:name="androidx.lifecycle.ProcessLifecycleInitializer"
67-->[androidx.lifecycle:lifecycle-process:2.7.0] AndroidManifest.xml:30:17-78
68                android:value="androidx.startup" />
68-->[androidx.lifecycle:lifecycle-process:2.7.0] AndroidManifest.xml:31:17-49
69            <meta-data
69-->[androidx.profileinstaller:profileinstaller:1.3.0] AndroidManifest.xml:29:13-31:52
70                android:name="androidx.profileinstaller.ProfileInstallerInitializer"
70-->[androidx.profileinstaller:profileinstaller:1.3.0] AndroidManifest.xml:30:17-85
71                android:value="androidx.startup" />
71-->[androidx.profileinstaller:profileinstaller:1.3.0] AndroidManifest.xml:31:17-49
72        </provider>
73
74        <service
74-->[androidx.room:room-runtime:2.6.1] AndroidManifest.xml:24:9-28:63
75            android:name="androidx.room.MultiInstanceInvalidationService"
75-->[androidx.room:room-runtime:2.6.1] AndroidManifest.xml:25:13-74
76            android:directBootAware="true"
76-->[androidx.room:room-runtime:2.6.1] AndroidManifest.xml:26:13-43
77            android:exported="false" />
77-->[androidx.room:room-runtime:2.6.1] AndroidManifest.xml:27:13-37
78
79        <receiver
79-->[androidx.profileinstaller:profileinstaller:1.3.0] AndroidManifest.xml:34:9-52:20
80            android:name="androidx.profileinstaller.ProfileInstallReceiver"
80-->[androidx.profileinstaller:profileinstaller:1.3.0] AndroidManifest.xml:35:13-76
81            android:directBootAware="false"
81-->[androidx.profileinstaller:profileinstaller:1.3.0] AndroidManifest.xml:36:13-44
82            android:enabled="true"
82-->[androidx.profileinstaller:profileinstaller:1.3.0] AndroidManifest.xml:37:13-35
83            android:exported="true"
83-->[androidx.profileinstaller:profileinstaller:1.3.0] AndroidManifest.xml:38:13-36
84            android:permission="android.permission.DUMP" >
84-->[androidx.profileinstaller:profileinstaller:1.3.0] AndroidManifest.xml:39:13-57
85            <intent-filter>
85-->[androidx.profileinstaller:profileinstaller:1.3.0] AndroidManifest.xml:40:13-42:29
86                <action android:name="androidx.profileinstaller.action.INSTALL_PROFILE" />
86-->[androidx.profileinstaller:profileinstaller:1.3.0] AndroidManifest.xml:41:17-91
86-->[androidx.profileinstaller:profileinstaller:1.3.0] AndroidManifest.xml:41:25-88
87            </intent-filter>
88            <intent-filter>
88-->[androidx.profileinstaller:profileinstaller:1.3.0] AndroidManifest.xml:43:13-45:29
89                <action android:name="androidx.profileinstaller.action.SKIP_FILE" />
89-->[androidx.profileinstaller:profileinstaller:1.3.0] AndroidManifest.xml:44:17-85
89-->[androidx.profileinstaller:profileinstaller:1.3.0] AndroidManifest.xml:44:25-82
90            </intent-filter>
91            <intent-filter>
91-->[androidx.profileinstaller:profileinstaller:1.3.0] AndroidManifest.xml:46:13-48:29
92                <action android:name="androidx.profileinstaller.action.SAVE_PROFILE" />
92-->[androidx.profileinstaller:profileinstaller:1.3.0] AndroidManifest.xml:47:17-88
92-->[androidx.profileinstaller:profileinstaller:1.3.0] AndroidManifest.xml:47:25-85
93            </intent-filter>
94            <intent-filter>
94-->[androidx.profileinstaller:profileinstaller:1.3.0] AndroidManifest.xml:49:13-51:29
95                <action android:name="androidx.profileinstaller.action.BENCHMARK_OPERATION" />
95-->[androidx.profileinstaller:profileinstaller:1.3.0] AndroidManifest.xml:50:17-95
95-->[androidx.profileinstaller:profileinstaller:1.3.0] AndroidManifest.xml:50:25-92
96            </intent-filter>
97        </receiver>
98    </application>
99
100</manifest>